[35m[Appium][39m Welcome to Appium v1.22.3
[35m[Appium][39m Non-default server args:
[35m[Appium][39m   port: 53614
[35m[Appium][39m   loglevel: info
[35m[Appium][39m   tmpDir: C:\Users\USER\AppData\Local\Temp\\Katalon\Appium\Temp1725564764894
[35m[Appium][39m   chromedriverPort: 53615
[35m[Appium][39m Deprecated server args:
[35m[Appium][39m   [31m--chromedriver-port[39m => --default-capabilities
[35m[Appium][39m Default capabilities, which will be added to each request unless overridden by desired capabilities:
[35m[Appium][39m   chromedriverPort: 53615
[35m[Appium][39m Appium REST http interface listener started on 0.0.0.0:53614
[35m[HTTP][39m [37m-->[39m [37mGET[39m [37m/wd/hub/status[39m
[35m[HTTP][39m [90m{}[39m
[35m[HTTP][39m [37m<-- GET /wd/hub/status [39m[32m200[39m [90m10 ms - 68[39m
[35m[HTTP][39m [90m[39m
[35m[HTTP][39m [37m-->[39m [37mPOST[39m [37m/wd/hub/session[39m
[35m[HTTP][39m [90m{"desiredCapabilities":{"app":"C:\\Users\\USER\\Downloads\\com.yoesuv.androidroom-v1(2.1.6)-production-release.apk","noReset":false,"deviceName":"Xiaomi 23053RN02A (Android 14)","fullReset":true,"platform":"ANDROID","newCommandTimeout":1800,"platformVersion":"14","automationName":"uiautomator2","autoGrantPermissions":true,"platformName":"Android","udid":"eb8228f47d73","systemPort":53613},"capabilities":{"firstMatch":[{"appium:app":"C:\\Users\\USER\\Downloads\\com.yoesuv.androidroom-v1(2.1.6)-production-release.apk","appium:autoGrantPermissions":true,"appium:automationName":"uiautomator2","appium:deviceName":"Xiaomi 23053RN02A (Android 14)","appium:fullReset":true,"appium:newCommandTimeout":1800,"appium:noReset":false,"platform":"ANDROID","platformName":"android","appium:platformVersion":"14","appium:systemPort":53613,"appium:udid":"eb8228f47d73"}]}}[39m
[35m[BaseDriver][39m The following capabilities are not standard capabilities and should have an extension prefix:
[35m[BaseDriver][39m   platform
[35m[BaseDriver][39m   chromedriverPort
[35m[Appium][39m Appium v1.22.3 creating new AndroidUiautomator2Driver (v1.70.1) session
[35m[BaseDriver][39m The following capabilities were provided, but are not recognized by Appium:
[35m[BaseDriver][39m   platform
[35m[BaseDriver][39m Session created with session id: 042cb1b2-1726-425f-8935-722e3994ef7d
[35m[BaseDriver][39m Using local app 'C:\Users\USER\Downloads\com.yoesuv.androidroom-v1(2.1.6)-production-release.apk'
[35m[ADB][39m Found 1 'build-tools' folders under 'C:\Users\USER\.katalon\tools\android_sdk' (newest first):
[35m[ADB][39m     C:/Users/USER/.katalon/tools/android_sdk/build-tools/29.0.3
[35m[ADB][39m Using 'adb.exe' from 'C:\Users\USER\.katalon\tools\android_sdk\platform-tools\adb.exe'
[35m[AndroidDriver][39m Retrieving device list
[35m[AndroidDriver][39m Using device: eb8228f47d73
[35m[ADB][39m Using 'adb.exe' from 'C:\Users\USER\.katalon\tools\android_sdk\platform-tools\adb.exe'
[35m[ADB][39m Getting device platform version
[35m[UiAutomator2][39m Relaxing hidden api policy
[35m[ADB][39m Package name: 'com.yoesuv.androidroom'
[35m[ADB][39m Main activity name: 'com.yoesuv.androidroom.menu.task.views.MainActivity'
[35m[ADB][39m Using 'apksigner.jar' from 'C:\Users\USER\.katalon\tools\android_sdk\build-tools\29.0.3\lib\apksigner.jar'
[35m[ADB][39m 'C:\Users\USER\AppData\Roaming\npm\node_modules\appium\node_modules\appium-uiautomator2-server\apks\appium-uiautomator2-server-v4.27.0.apk' is signed with the default certificate
[35m[ADB][39m 'C:\Users\USER\AppData\Roaming\npm\node_modules\appium\node_modules\appium-uiautomator2-server\apks\appium-uiautomator2-server-debug-androidTest.apk' is signed with the default certificate
[35m[UiAutomator2][39m Server packages are not going to be (re)installed
[35m[ADB][39m Adding packages ["io.appium.settings","io.appium.uiautomator2.server","io.appium.uiautomator2.server.test"] to Doze whitelist
[35m[ADB][39m 'C:\Users\USER\Downloads\com.yoesuv.androidroom-v1(2.1.6)-production-release.apk' is signed with a non-default certificate
[35m[ADB][39m com.yoesuv.androidroom was not uninstalled, because it was not present on the device
[35m[ADB][39m The application at 'C:\Users\USER\Downloads\com.yoesuv.androidroom-v1(2.1.6)-production-release.apk' will not be cached, because the device under test has confirmed the support of streamed installs
[35m[ADB][39m The installation of 'com.yoesuv.androidroom-v1(2.1.6)-production-release.apk' took 4359ms
[35m[UiAutomator2][39m Starting UIAutomator2 server 4.27.0
[35m[UiAutomator2][39m Using UIAutomator2 server from 'C:\Users\USER\AppData\Roaming\npm\node_modules\appium\node_modules\appium-uiautomator2-server\apks\appium-uiautomator2-server-v4.27.0.apk' and test from 'C:\Users\USER\AppData\Roaming\npm\node_modules\appium\node_modules\appium-uiautomator2-server\apks\appium-uiautomator2-server-debug-androidTest.apk'
[35m[UiAutomator2][39m Waiting up to 30000ms for UiAutomator2 to be online...
[35m[WD Proxy][39m socket hang up
[35m[WD Proxy][39m socket hang up
[35m[WD Proxy][39m socket hang up
[35m[WD Proxy][39m socket hang up
[35m[WD Proxy][39m socket hang up
[35m[WD Proxy][39m Determined the downstream protocol as 'W3C'
[35m[AndroidDriver][39m Screen already unlocked, doing nothing
[35m[UiAutomator2][39m Starting 'com.yoesuv.androidroom/com.yoesuv.androidroom.menu.task.views.MainActivity and waiting for 'com.yoesuv.androidroom/com.yoesuv.androidroom.menu.task.views.MainActivity'
[35m[Appium][39m New AndroidUiautomator2Driver session created successfully, session 042cb1b2-1726-425f-8935-722e3994ef7d added to master session list
[35m[HTTP][39m [37m<-- POST /wd/hub/session [39m[32m200[39m [90m22108 ms - 1331[39m
[35m[HTTP][39m [90m[39m
[35m[HTTP][39m [37m-->[39m [37mGET[39m [37m/wd/hub/session/042cb1b2-1726-425f-8935-722e3994ef7d[39m
[35m[HTTP][39m [90m{}[39m
[35m[HTTP][39m [37m<-- GET /wd/hub/session/042cb1b2-1726-425f-8935-722e3994ef7d [39m[32m200[39m [90m20 ms - 1285[39m
[35m[HTTP][39m [90m[39m
[35m[HTTP][39m [37m-->[39m [37mGET[39m [37m/wd/hub/session/042cb1b2-1726-425f-8935-722e3994ef7d[39m
[35m[HTTP][39m [90m{}[39m
[35m[HTTP][39m [37m<-- GET /wd/hub/session/042cb1b2-1726-425f-8935-722e3994ef7d [39m[32m200[39m [90m15 ms - 1285[39m
[35m[HTTP][39m [90m[39m
[35m[HTTP][39m [37m-->[39m [37mGET[39m [37m/wd/hub/status[39m
[35m[HTTP][39m [90m{}[39m
[35m[HTTP][39m [37m<-- GET /wd/hub/status [39m[32m200[39m [90m1 ms - 68[39m
[35m[HTTP][39m [90m[39m
[35m[HTTP][39m [37m-->[39m [37mPOST[39m [37m/wd/hub/session/042cb1b2-1726-425f-8935-722e3994ef7d/timeouts[39m
[35m[HTTP][39m [90m{"implicit":30000}[39m
[35m[HTTP][39m [37m<-- POST /wd/hub/session/042cb1b2-1726-425f-8935-722e3994ef7d/timeouts [39m[32m200[39m [90m6 ms - 14[39m
[35m[HTTP][39m [90m[39m
[35m[HTTP][39m [37m-->[39m [37mGET[39m [37m/wd/hub/session/042cb1b2-1726-425f-8935-722e3994ef7d/screenshot[39m
[35m[HTTP][39m [90m{}[39m
[35m[HTTP][39m [37m<-- GET /wd/hub/session/042cb1b2-1726-425f-8935-722e3994ef7d/screenshot [39m[32m200[39m [90m759 ms - 70286[39m
[35m[HTTP][39m [90m[39m
[35m[HTTP][39m [37m-->[39m [37mGET[39m [37m/wd/hub/session/042cb1b2-1726-425f-8935-722e3994ef7d/window/rect[39m
[35m[HTTP][39m [90m{}[39m
[35m[HTTP][39m [37m<-- GET /wd/hub/session/042cb1b2-1726-425f-8935-722e3994ef7d/window/rect [39m[32m200[39m [90m37 ms - 50[39m
[35m[HTTP][39m [90m[39m
[35m[HTTP][39m [37m-->[39m [37mGET[39m [37m/wd/hub/session/042cb1b2-1726-425f-8935-722e3994ef7d/appium/device/system_bars[39m
[35m[HTTP][39m [90m{}[39m
[35m[HTTP][39m [37m<-- GET /wd/hub/session/042cb1b2-1726-425f-8935-722e3994ef7d/appium/device/system_bars [39m[32m200[39m [90m202 ms - 145[39m
[35m[HTTP][39m [90m[39m
[35m[HTTP][39m [37m-->[39m [37mPOST[39m [37m/wd/hub/session/042cb1b2-1726-425f-8935-722e3994ef7d/timeouts[39m
[35m[HTTP][39m [90m{"implicit":50}[39m
[35m[HTTP][39m [37m<-- POST /wd/hub/session/042cb1b2-1726-425f-8935-722e3994ef7d/timeouts [39m[32m200[39m [90m9 ms - 14[39m
[35m[HTTP][39m [90m[39m
[35m[HTTP][39m [37m-->[39m [37mGET[39m [37m/wd/hub/session/042cb1b2-1726-425f-8935-722e3994ef7d/window/rect[39m
[35m[HTTP][39m [90m{}[39m
[35m[HTTP][39m [37m<-- GET /wd/hub/session/042cb1b2-1726-425f-8935-722e3994ef7d/window/rect [39m[32m200[39m [90m35 ms - 50[39m
[35m[HTTP][39m [90m[39m
[35m[HTTP][39m [37m-->[39m [37mPOST[39m [37m/wd/hub/session/042cb1b2-1726-425f-8935-722e3994ef7d/elements[39m
[35m[HTTP][39m [90m{"using":"xpath","value":"//*[@class = 'android.widget.ImageButton' and @resource-id = 'com.yoesuv.androidroom:id/fabMain' and (@text = '' or . = '')]"}[39m
[35m[HTTP][39m [37m<-- POST /wd/hub/session/042cb1b2-1726-425f-8935-722e3994ef7d/elements [39m[32m200[39m [90m1152 ms - 139[39m
[35m[HTTP][39m [90m[39m
[35m[HTTP][39m [37m-->[39m [37mGET[39m [37m/wd/hub/session/042cb1b2-1726-425f-8935-722e3994ef7d/element/00000000-0000-01b0-ffff-ffff0000000b/location[39m
[35m[HTTP][39m [90m{}[39m
[35m[W3C (042cb1b2)][39m Driver proxy active, passing request on via HTTP proxy
[35m[WD Proxy][39m Replacing sessionId 43165f7b-2d7a-4a05-be0f-f28bcb80e9b0 with 042cb1b2-1726-425f-8935-722e3994ef7d
[35m[HTTP][39m [37m<-- GET /wd/hub/session/042cb1b2-1726-425f-8935-722e3994ef7d/element/00000000-0000-01b0-ffff-ffff0000000b/location [39m[32m200[39m [90m53 ms - 79[39m
[35m[HTTP][39m [90m[39m
[35m[HTTP][39m [37m-->[39m [37mPOST[39m [37m/wd/hub/session/042cb1b2-1726-425f-8935-722e3994ef7d/timeouts[39m
[35m[HTTP][39m [90m{"implicit":30000}[39m
[35m[HTTP][39m [37m<-- POST /wd/hub/session/042cb1b2-1726-425f-8935-722e3994ef7d/timeouts [39m[32m200[39m [90m3 ms - 14[39m
[35m[HTTP][39m [90m[39m
[35m[HTTP][39m [37m-->[39m [37mPOST[39m [37m/wd/hub/session/042cb1b2-1726-425f-8935-722e3994ef7d/element/00000000-0000-01b0-ffff-ffff0000000b/click[39m
[35m[HTTP][39m [90m{"id":"00000000-0000-01b0-ffff-ffff0000000b"}[39m
[35m[HTTP][39m [37m<-- POST /wd/hub/session/042cb1b2-1726-425f-8935-722e3994ef7d/element/00000000-0000-01b0-ffff-ffff0000000b/click [39m[32m200[39m [90m104 ms - 14[39m
[35m[HTTP][39m [90m[39m
[35m[HTTP][39m [37m-->[39m [37mPOST[39m [37m/wd/hub/session/042cb1b2-1726-425f-8935-722e3994ef7d/timeouts[39m
[35m[HTTP][39m [90m{"implicit":50}[39m
[35m[HTTP][39m [37m<-- POST /wd/hub/session/042cb1b2-1726-425f-8935-722e3994ef7d/timeouts [39m[32m200[39m [90m3 ms - 14[39m
[35m[HTTP][39m [90m[39m
[35m[HTTP][39m [37m-->[39m [37mGET[39m [37m/wd/hub/session/042cb1b2-1726-425f-8935-722e3994ef7d/window/rect[39m
[35m[HTTP][39m [90m{}[39m
[35m[HTTP][39m [37m<-- GET /wd/hub/session/042cb1b2-1726-425f-8935-722e3994ef7d/window/rect [39m[32m200[39m [90m22 ms - 50[39m
[35m[HTTP][39m [90m[39m
[35m[HTTP][39m [37m-->[39m [37mPOST[39m [37m/wd/hub/session/042cb1b2-1726-425f-8935-722e3994ef7d/elements[39m
[35m[HTTP][39m [90m{"using":"xpath","value":"//*[@class = 'android.widget.EditText' and (@text = 'Task Title' or . = 'Task Title') and @resource-id = 'com.yoesuv.androidroom:id/editTextTaskTitle']"}[39m
[35m[HTTP][39m [37m<-- POST /wd/hub/session/042cb1b2-1726-425f-8935-722e3994ef7d/elements [39m[32m200[39m [90m998 ms - 139[39m
[35m[HTTP][39m [90m[39m
[35m[HTTP][39m [37m-->[39m [37mGET[39m [37m/wd/hub/session/042cb1b2-1726-425f-8935-722e3994ef7d/element/00000000-0000-01b1-ffff-ffff00000029/location[39m
[35m[HTTP][39m [90m{}[39m
[35m[W3C (042cb1b2)][39m Driver proxy active, passing request on via HTTP proxy
[35m[WD Proxy][39m Replacing sessionId 43165f7b-2d7a-4a05-be0f-f28bcb80e9b0 with 042cb1b2-1726-425f-8935-722e3994ef7d
[35m[HTTP][39m [37m<-- GET /wd/hub/session/042cb1b2-1726-425f-8935-722e3994ef7d/element/00000000-0000-01b1-ffff-ffff00000029/location [39m[32m200[39m [90m32 ms - 78[39m
[35m[HTTP][39m [90m[39m
[35m[HTTP][39m [37m-->[39m [37mPOST[39m [37m/wd/hub/session/042cb1b2-1726-425f-8935-722e3994ef7d/timeouts[39m
[35m[HTTP][39m [90m{"implicit":30000}[39m
[35m[HTTP][39m [37m<-- POST /wd/hub/session/042cb1b2-1726-425f-8935-722e3994ef7d/timeouts [39m[32m200[39m [90m2 ms - 14[39m
[35m[HTTP][39m [90m[39m
[35m[HTTP][39m [37m-->[39m [37mPOST[39m [37m/wd/hub/session/042cb1b2-1726-425f-8935-722e3994ef7d/element/00000000-0000-01b1-ffff-ffff00000029/clear[39m
[35m[HTTP][39m [90m{"id":"00000000-0000-01b1-ffff-ffff00000029"}[39m
[35m[HTTP][39m [37m<-- POST /wd/hub/session/042cb1b2-1726-425f-8935-722e3994ef7d/element/00000000-0000-01b1-ffff-ffff00000029/clear [39m[32m200[39m [90m37 ms - 14[39m
[35m[HTTP][39m [90m[39m
[35m[HTTP][39m [37m-->[39m [37mPOST[39m [37m/wd/hub/session/042cb1b2-1726-425f-8935-722e3994ef7d/element/00000000-0000-01b1-ffff-ffff00000029/value[39m
[35m[HTTP][39m [90m{"id":"00000000-0000-01b1-ffff-ffff00000029","text":"testTitle","value":["t","e","s","t","T","i","t","l","e"]}[39m
[35m[HTTP][39m [37m<-- POST /wd/hub/session/042cb1b2-1726-425f-8935-722e3994ef7d/element/00000000-0000-01b1-ffff-ffff00000029/value [39m[32m200[39m [90m589 ms - 14[39m
[35m[HTTP][39m [90m[39m
[35m[HTTP][39m [37m-->[39m [37mPOST[39m [37m/wd/hub/session/042cb1b2-1726-425f-8935-722e3994ef7d/timeouts[39m
[35m[HTTP][39m [90m{"implicit":50}[39m
[35m[HTTP][39m [37m<-- POST /wd/hub/session/042cb1b2-1726-425f-8935-722e3994ef7d/timeouts [39m[32m200[39m [90m3 ms - 14[39m
[35m[HTTP][39m [90m[39m
[35m[HTTP][39m [37m-->[39m [37mGET[39m [37m/wd/hub/session/042cb1b2-1726-425f-8935-722e3994ef7d/window/rect[39m
[35m[HTTP][39m [90m{}[39m
[35m[HTTP][39m [37m<-- GET /wd/hub/session/042cb1b2-1726-425f-8935-722e3994ef7d/window/rect [39m[32m200[39m [90m51 ms - 50[39m
[35m[HTTP][39m [90m[39m
[35m[HTTP][39m [37m-->[39m [37mPOST[39m [37m/wd/hub/session/042cb1b2-1726-425f-8935-722e3994ef7d/elements[39m
[35m[HTTP][39m [90m{"using":"xpath","value":"//*[@class = 'android.widget.EditText' and (@text = 'Task Content' or . = 'Task Content') and @resource-id = 'com.yoesuv.androidroom:id/editTextTaskContent']"}[39m
[35m[HTTP][39m [37m<-- POST /wd/hub/session/042cb1b2-1726-425f-8935-722e3994ef7d/elements [39m[32m200[39m [90m564 ms - 139[39m
[35m[HTTP][39m [90m[39m
[35m[HTTP][39m [37m-->[39m [37mGET[39m [37m/wd/hub/session/042cb1b2-1726-425f-8935-722e3994ef7d/element/00000000-0000-01b1-ffff-ffff00000034/location[39m
[35m[HTTP][39m [90m{}[39m
[35m[W3C (042cb1b2)][39m Driver proxy active, passing request on via HTTP proxy
[35m[WD Proxy][39m Replacing sessionId 43165f7b-2d7a-4a05-be0f-f28bcb80e9b0 with 042cb1b2-1726-425f-8935-722e3994ef7d
[35m[HTTP][39m [37m<-- GET /wd/hub/session/042cb1b2-1726-425f-8935-722e3994ef7d/element/00000000-0000-01b1-ffff-ffff00000034/location [39m[32m200[39m [90m34 ms - 78[39m
[35m[HTTP][39m [90m[39m
[35m[HTTP][39m [37m-->[39m [37mPOST[39m [37m/wd/hub/session/042cb1b2-1726-425f-8935-722e3994ef7d/timeouts[39m
[35m[HTTP][39m [90m{"implicit":30000}[39m
[35m[HTTP][39m [37m<-- POST /wd/hub/session/042cb1b2-1726-425f-8935-722e3994ef7d/timeouts [39m[32m200[39m [90m2 ms - 14[39m
[35m[HTTP][39m [90m[39m
[35m[HTTP][39m [37m-->[39m [37mPOST[39m [37m/wd/hub/session/042cb1b2-1726-425f-8935-722e3994ef7d/element/00000000-0000-01b1-ffff-ffff00000034/clear[39m
[35m[HTTP][39m [90m{"id":"00000000-0000-01b1-ffff-ffff00000034"}[39m
[35m[HTTP][39m [37m<-- POST /wd/hub/session/042cb1b2-1726-425f-8935-722e3994ef7d/element/00000000-0000-01b1-ffff-ffff00000034/clear [39m[32m200[39m [90m38 ms - 14[39m
[35m[HTTP][39m [90m[39m
[35m[HTTP][39m [37m-->[39m [37mPOST[39m [37m/wd/hub/session/042cb1b2-1726-425f-8935-722e3994ef7d/element/00000000-0000-01b1-ffff-ffff00000034/value[39m
[35m[HTTP][39m [90m{"id":"00000000-0000-01b1-ffff-ffff00000034","text":"testTaskContent","value":["t","e","s","t","T","a","s","k","C","o","n","t","e","n","t"]}[39m
[35m[HTTP][39m [37m<-- POST /wd/hub/session/042cb1b2-1726-425f-8935-722e3994ef7d/element/00000000-0000-01b1-ffff-ffff00000034/value [39m[32m200[39m [90m1021 ms - 14[39m
[35m[HTTP][39m [90m[39m
[35m[HTTP][39m [37m-->[39m [37mPOST[39m [37m/wd/hub/session/042cb1b2-1726-425f-8935-722e3994ef7d/timeouts[39m
[35m[HTTP][39m [90m{"implicit":50}[39m
[35m[HTTP][39m [37m<-- POST /wd/hub/session/042cb1b2-1726-425f-8935-722e3994ef7d/timeouts [39m[32m200[39m [90m3 ms - 14[39m
[35m[HTTP][39m [90m[39m
[35m[HTTP][39m [37m-->[39m [37mGET[39m [37m/wd/hub/session/042cb1b2-1726-425f-8935-722e3994ef7d/window/rect[39m
[35m[HTTP][39m [90m{}[39m
[35m[HTTP][39m [37m<-- GET /wd/hub/session/042cb1b2-1726-425f-8935-722e3994ef7d/window/rect [39m[32m200[39m [90m34 ms - 50[39m
[35m[HTTP][39m [90m[39m
[35m[HTTP][39m [37m-->[39m [37mPOST[39m [37m/wd/hub/session/042cb1b2-1726-425f-8935-722e3994ef7d/elements[39m
[35m[HTTP][39m [90m{"using":"xpath","value":"//*[@class = 'android.widget.Button' and (@text = 'SAVE' or . = 'SAVE') and @resource-id = 'com.yoesuv.androidroom:id/buttonApply']"}[39m
[35m[HTTP][39m [37m<-- POST /wd/hub/session/042cb1b2-1726-425f-8935-722e3994ef7d/elements [39m[32m200[39m [90m608 ms - 139[39m
[35m[HTTP][39m [90m[39m
[35m[HTTP][39m [37m-->[39m [37mGET[39m [37m/wd/hub/session/042cb1b2-1726-425f-8935-722e3994ef7d/element/00000000-0000-01b1-ffff-ffff0000003f/location[39m
[35m[HTTP][39m [90m{}[39m
[35m[W3C (042cb1b2)][39m Driver proxy active, passing request on via HTTP proxy
[35m[WD Proxy][39m Replacing sessionId 43165f7b-2d7a-4a05-be0f-f28bcb80e9b0 with 042cb1b2-1726-425f-8935-722e3994ef7d
[35m[HTTP][39m [37m<-- GET /wd/hub/session/042cb1b2-1726-425f-8935-722e3994ef7d/element/00000000-0000-01b1-ffff-ffff0000003f/location [39m[32m200[39m [90m35 ms - 79[39m
[35m[HTTP][39m [90m[39m
[35m[HTTP][39m [37m-->[39m [37mPOST[39m [37m/wd/hub/session/042cb1b2-1726-425f-8935-722e3994ef7d/timeouts[39m
[35m[HTTP][39m [90m{"implicit":30000}[39m
[35m[HTTP][39m [37m<-- POST /wd/hub/session/042cb1b2-1726-425f-8935-722e3994ef7d/timeouts [39m[32m200[39m [90m4 ms - 14[39m
[35m[HTTP][39m [90m[39m
[35m[HTTP][39m [37m-->[39m [37mPOST[39m [37m/wd/hub/session/042cb1b2-1726-425f-8935-722e3994ef7d/element/00000000-0000-01b1-ffff-ffff0000003f/click[39m
[35m[HTTP][39m [90m{"id":"00000000-0000-01b1-ffff-ffff0000003f"}[39m
[35m[HTTP][39m [37m<-- POST /wd/hub/session/042cb1b2-1726-425f-8935-722e3994ef7d/element/00000000-0000-01b1-ffff-ffff0000003f/click [39m[32m200[39m [90m81 ms - 14[39m
[35m[HTTP][39m [90m[39m
[35m[HTTP][39m [37m-->[39m [37mDELETE[39m [37m/wd/hub/session/042cb1b2-1726-425f-8935-722e3994ef7d[39m
[35m[HTTP][39m [90m{}[39m
[35m[Appium][39m Removing session 042cb1b2-1726-425f-8935-722e3994ef7d from our master session list
[35m[ADB][39m com.yoesuv.androidroom was successfully uninstalled
[35m[UiAutomator2][39m Restoring hidden api policy to the device default configuration
[35m[HTTP][39m [37m<-- DELETE /wd/hub/session/042cb1b2-1726-425f-8935-722e3994ef7d [39m[32m200[39m [90m2685 ms - 14[39m
[35m[HTTP][39m [90m[39m
